<?xml version="1.0" encoding="UTF-8"?>
<robot generator="Robot 4.1.1 (Python 3.8.10 on linux)" generated="20210930 21:35:39.101" rpa="false" schemaversion="2">
<suite id="s1" name="MercadoLivre" source="/media/aloisiot/ctd/Certify-Tech-Developer/Testing/robot-first-test/MercadoLivre.robot">
<test id="s1-t1" name="Mercado Livre">
<kw name="Acessar o site do Mercado Livre">
<kw name="Open Browser" library="SeleniumLibrary">
<arg>http://mercadolivre.com.br</arg>
<arg>${Browser}</arg>
<doc>Opens a new browser instance to the optional ``url``.</doc>
<msg timestamp="20210930 21:35:39.210" level="INFO">Opening browser 'chrome' to base url 'http://mercadolivre.com.br'.</msg>
<status status="PASS" starttime="20210930 21:35:39.210" endtime="20210930 21:35:45.259"/>
</kw>
<status status="PASS" starttime="20210930 21:35:39.209" endtime="20210930 21:35:45.259"/>
</kw>
<kw name="Fazer uma busca por iPhone12">
<kw name="Input Text" library="SeleniumLibrary">
<arg>css=body &gt; header &gt; div &gt; form &gt; input</arg>
<arg>Iphone 12</arg>
<doc>Types the given ``text`` into the text field identified by ``locator``.</doc>
<msg timestamp="20210930 21:35:45.262" level="INFO">Typing text 'Iphone 12' into text field 'css=body &gt; header &gt; div &gt; form &gt; input'.</msg>
<status status="PASS" starttime="20210930 21:35:45.261" endtime="20210930 21:35:45.359"/>
</kw>
<kw name="Click Element" library="SeleniumLibrary">
<arg>css=body &gt; header &gt; div &gt; form &gt; button &gt; div</arg>
<doc>Click the element identified by ``locator``.</doc>
<msg timestamp="20210930 21:35:45.359" level="INFO">Clicking element 'css=body &gt; header &gt; div &gt; form &gt; button &gt; div'.</msg>
<status status="PASS" starttime="20210930 21:35:45.359" endtime="20210930 21:35:47.387"/>
</kw>
<status status="PASS" starttime="20210930 21:35:45.260" endtime="20210930 21:35:47.387"/>
</kw>
<kw name="Clicar no primeiro resultado">
<kw name="Click Element" library="SeleniumLibrary">
<arg>css=#root-app &gt; div &gt; div &gt; section &gt; ol &gt; li:nth-child(1) &gt; div &gt; div &gt; div.ui-search-result__content-wrapper &gt; div.ui-search-item__group.ui-search-item__group--title &gt; a.ui-search-item__group__element.ui-search-link &gt; h2</arg>
<doc>Click the element identified by ``locator``.</doc>
<msg timestamp="20210930 21:35:47.389" level="INFO">Clicking element 'css=#root-app &gt; div &gt; div &gt; section &gt; ol &gt; li:nth-child(1) &gt; div &gt; div &gt; div.ui-search-result__content-wrapper &gt; div.ui-search-item__group.ui-search-item__group--title &gt; a.ui-search-item__group__element.ui-search-link &gt; h2'.</msg>
<status status="PASS" starttime="20210930 21:35:47.389" endtime="20210930 21:35:48.748"/>
</kw>
<kw name="Close Browser" library="SeleniumLibrary">
<doc>Closes the current browser.</doc>
<status status="PASS" starttime="20210930 21:35:48.748" endtime="20210930 21:35:48.808"/>
</kw>
<status status="PASS" starttime="20210930 21:35:47.388" endtime="20210930 21:35:48.809"/>
</kw>
<status status="PASS" starttime="20210930 21:35:39.209" endtime="20210930 21:35:48.809"/>
</test>
<status status="PASS" starttime="20210930 21:35:39.102" endtime="20210930 21:35:48.810"/>
</suite>
<statistics>
<total>
<stat pass="1" fail="0" skip="0">All Tests</stat>
</total>
<tag>
</tag>
<suite>
<stat pass="1" fail="0" skip="0" id="s1" name="MercadoLivre">MercadoLivre</stat>
</suite>
</statistics>
<errors>
</errors>
</robot>
