<?xml version="1.0" encoding="UTF-8"?>
<robot generator="Robot 4.1.1 (Python 3.8.10 on linux)" generated="20211001 10:53:30.358" rpa="false" schemaversion="2">
<suite id="s1" name="Hurb" source="/media/aloisiot/ctd/Certify-Tech-Developer/Testing/Checkpoint-Filnal-2B/Hurb.robot">
<test id="s1-t1" name="Processo de reserva de pacote de viagens">
<kw name="Acessar o site do Hurb" library="Hurb">
<kw name="Open Browser" library="SeleniumLibrary">
<arg>http://hurb.com/br</arg>
<arg>${BROWSER}</arg>
<doc>Opens a new browser instance to the optional ``url``.</doc>
<msg timestamp="20211001 10:53:30.484" level="INFO">Opening browser 'chrome' to base url 'http://hurb.com/br'.</msg>
<status status="PASS" starttime="20211001 10:53:30.483" endtime="20211001 10:53:45.731"/>
</kw>
<status status="PASS" starttime="20211001 10:53:30.483" endtime="20211001 10:53:45.731"/>
</kw>
<kw name="Clicar em &quot;Permitir todos os cookies&quot;" library="Hurb">
<kw name="Wait Until Element Is Visible" library="SeleniumLibrary">
<arg>css=#CybotCookiebotDialogBodyLevelButtonLevelOptinAllowAll</arg>
<doc>Waits until the element ``locator`` is visible.</doc>
<status status="PASS" starttime="20211001 10:53:45.732" endtime="20211001 10:53:45.768"/>
</kw>
<kw name="Click Element" library="SeleniumLibrary">
<arg>css=#CybotCookiebotDialogBodyLevelButtonLevelOptinAllowAll</arg>
<doc>Click the element identified by ``locator``.</doc>
<msg timestamp="20211001 10:53:45.768" level="INFO">Clicking element 'css=#CybotCookiebotDialogBodyLevelButtonLevelOptinAllowAll'.</msg>
<kw name="Capture Page Screenshot" library="SeleniumLibrary">
<doc>Takes a screenshot of the current page and embeds it into a log file.</doc>
<msg timestamp="20211001 10:53:47.055" level="INFO" html="true">&lt;/td&gt;&lt;/tr&gt;&lt;tr&gt;&lt;td colspan="3"&gt;&lt;a href="selenium-screenshot-10.png"&gt;&lt;img src="selenium-screenshot-10.png" width="800px"&gt;&lt;/a&gt;</msg>
<status status="PASS" starttime="20211001 10:53:46.850" endtime="20211001 10:53:47.056"/>
</kw>
<msg timestamp="20211001 10:53:47.057" level="FAIL">ElementClickInterceptedException: Message: element click intercepted: Element is not clickable at point (783, 845)
  (Session info: chrome=94.0.4606.71)
</msg>
<status status="FAIL" starttime="20211001 10:53:45.768" endtime="20211001 10:53:47.057"/>
</kw>
<status status="FAIL" starttime="20211001 10:53:45.732" endtime="20211001 10:53:47.058"/>
</kw>
<kw name="Selecionar a opção &quot;Pacotes" library="Hurb">
<status status="NOT RUN" starttime="20211001 10:53:47.058" endtime="20211001 10:53:47.059"/>
</kw>
<kw name="Buscar por alguma cidade turística (Ex: Buenos Aires, Florença, Orlando) e clicar em &quot;Pesquisar&quot;" library="Hurb">
<status status="NOT RUN" starttime="20211001 10:53:47.059" endtime="20211001 10:53:47.059"/>
</kw>
<kw name="Selecionar um pacote de viagem" library="Hurb">
<status status="NOT RUN" starttime="20211001 10:53:47.059" endtime="20211001 10:53:47.059"/>
</kw>
<kw name="Clicar em &quot;ESCOLHER OPÇÃO&quot;" library="Hurb">
<status status="NOT RUN" starttime="20211001 10:53:47.060" endtime="20211001 10:53:47.060"/>
</kw>
<kw name="Escolher uma opção de viagem e clicar em &quot;COMPRAR&quot;" library="Hurb">
<status status="NOT RUN" starttime="20211001 10:53:47.060" endtime="20211001 10:53:47.060"/>
</kw>
<kw name="Validar as informações da &quot;Configuração&quot; da viagem" library="Hurb">
<status status="NOT RUN" starttime="20211001 10:53:47.060" endtime="20211001 10:53:47.060"/>
</kw>
<kw name="Validar as informações do período da viagem" library="Hurb">
<status status="NOT RUN" starttime="20211001 10:53:47.060" endtime="20211001 10:53:47.061"/>
</kw>
<kw name="Selecionar a opção &quot;Boleto parcelado&quot;" library="Hurb">
<status status="NOT RUN" starttime="20211001 10:53:47.061" endtime="20211001 10:53:47.061"/>
</kw>
<kw name="Preencher os dados de pagamento" library="Hurb">
<status status="NOT RUN" starttime="20211001 10:53:47.061" endtime="20211001 10:53:47.061"/>
</kw>
<kw name="Marcar o checkbox &quot;Li e aceito as condições de termos de uso e política de privacidade&quot;" library="Hurb">
<status status="NOT RUN" starttime="20211001 10:53:47.061" endtime="20211001 10:53:47.061"/>
</kw>
<kw name="Validar a informação sobre cancelamento grátis" library="Hurb">
<status status="NOT RUN" starttime="20211001 10:53:47.062" endtime="20211001 10:53:47.062"/>
</kw>
<status status="FAIL" starttime="20211001 10:53:30.482" endtime="20211001 10:53:47.062">ElementClickInterceptedException: Message: element click intercepted: Element is not clickable at point (783, 845)
  (Session info: chrome=94.0.4606.71)
</status>
</test>
<status status="FAIL" starttime="20211001 10:53:30.359" endtime="20211001 10:53:47.063"/>
</suite>
<statistics>
<total>
<stat pass="0" fail="1" skip="0">All Tests</stat>
</total>
<tag>
</tag>
<suite>
<stat pass="0" fail="1" skip="0" id="s1" name="Hurb">Hurb</stat>
</suite>
</statistics>
<errors>
</errors>
</robot>
